<?xml version="1.0" encoding="UTF-8"?>
<!-- Generated by org.testng.reporters.JUnitReportReporter -->
<testsuite skipped="0" hostname="IB" name="com.orangehr.testcases.LoginUsingAdminUserTest" tests="1" failures="0" timestamp="22 Oct 2019 16:05:53 GMT" time="3.681" errors="0">
  <testcase name="LoginUsingAdminUser" time="3.681" classname="com.orangehr.testcases.LoginUsingAdminUserTest"/>
</testsuite> <!-- com.orangehr.testcases.LoginUsingAdminUserTest -->
